app/build/intermediates/manifest_merge_blame_file/debug/manifest-merger-blame-debug-report.txt
1<?xml version="1.0" encoding="utf-8"?>
2<manifest xmlns:android="http://schemas.android.com/apk/res/android"
3    package="com.animee.constellation"
4    android:versionCode="1"
5    android:versionName="1.0" >
6
7    <uses-sdk
8        android:minSdkVersion="17"
8-->src\main\AndroidManifest.xml
9        android:targetSdkVersion="29" />
9-->src\main\AndroidManifest.xml
10
11    <uses-permission android:name="android.permission.INTERNET" />
11-->src\main\AndroidManifest.xml:27:5-67
11-->src\main\AndroidManifest.xml:27:22-64
12
13    <application
13-->src\main\AndroidManifest.xml:5:5-25:19
14        android:allowBackup="true"
14-->src\main\AndroidManifest.xml:6:9-35
15        android:appComponentFactory="androidx.core.app.CoreComponentFactory"
15-->[androidx.core:core:1.1.0] AndroidManifest.xml:24:18-86
16        android:debuggable="true"
17        android:icon="@mipmap/ic_icon"
17-->src\main\AndroidManifest.xml:7:9-39
18        android:label="@string/app_name"
18-->src\main\AndroidManifest.xml:8:9-41
19        android:roundIcon="@mipmap/ic_launcher_round"
19-->src\main\AndroidManifest.xml:9:9-54
20        android:supportsRtl="true"
20-->src\main\AndroidManifest.xml:10:9-35
21        android:testOnly="true"
22        android:theme="@style/statusBar"
22-->src\main\AndroidManifest.xml:11:9-41
23        android:usesCleartextTraffic="true" >
23-->src\main\AndroidManifest.xml:12:9-44
24        <activity android:name="com.animee.constellation.home.GuideActivity" />
24-->src\main\AndroidManifest.xml:13:9-65
24-->src\main\AndroidManifest.xml:13:19-53
25        <activity android:name="com.animee.constellation.home.WelcomeActivity" >
25-->src\main\AndroidManifest.xml:14:9-20:20
25-->src\main\AndroidManifest.xml:14:19-55
26            <intent-filter>
26-->src\main\AndroidManifest.xml:15:13-19:29
27                <action android:name="android.intent.action.MAIN" />
27-->src\main\AndroidManifest.xml:16:17-69
27-->src\main\AndroidManifest.xml:16:25-66
28
29                <category android:name="android.intent.category.LAUNCHER" />
29-->src\main\AndroidManifest.xml:18:17-77
29-->src\main\AndroidManifest.xml:18:27-74
30            </intent-filter>
31        </activity>
32        <activity android:name="com.animee.constellation.luckfrag.LuckAnalysisActivity" />
32-->src\main\AndroidManifest.xml:21:9-67
32-->src\main\AndroidManifest.xml:21:19-64
33        <activity android:name="com.animee.constellation.parnterfrag.ParnterAnalysisActivity" />
33-->src\main\AndroidManifest.xml:22:9-73
33-->src\main\AndroidManifest.xml:22:19-70
34        <activity android:name="com.animee.constellation.starfrag.StarAnalysisActivity" />
34-->src\main\AndroidManifest.xml:23:9-67
34-->src\main\AndroidManifest.xml:23:19-64
35        <activity android:name="com.animee.constellation.MainActivity" />
35-->src\main\AndroidManifest.xml:24:9-50
35-->src\main\AndroidManifest.xml:24:19-47
36    </application>
37
38</manifest>